{"D:\\backend\\rn-mybrand-backend\\app.js": {"path":"D:\\backend\\rn-mybrand-backend\\app.js","statementMap":{"0":{"start":{"line":1,"column":16},"end":{"line":1,"column":34}},"1":{"start":{"line":2,"column":12},"end":{"line":2,"column":21}},"2":{"start":{"line":3,"column":14},"end":{"line":3,"column":31}},"3":{"start":{"line":4,"column":16},"end":{"line":4,"column":35}},"4":{"start":{"line":8,"column":17},"end":{"line":8,"column":41}},"5":{"start":{"line":9,"column":20},"end":{"line":9,"column":47}},"6":{"start":{"line":10,"column":18},"end":{"line":10,"column":43}},"7":{"start":{"line":11,"column":21},"end":{"line":11,"column":49}},"8":{"start":{"line":12,"column":25},"end":{"line":12,"column":49}},"9":{"start":{"line":13,"column":21},"end":{"line":13,"column":49}},"10":{"start":{"line":15,"column":0},"end":{"line":15,"column":16}},"11":{"start":{"line":17,"column":19},"end":{"line":26,"column":1}},"12":{"start":{"line":18,"column":4},"end":{"line":25,"column":7}},"13":{"start":{"line":22,"column":8},"end":{"line":22,"column":42}},"14":{"start":{"line":24,"column":8},"end":{"line":24,"column":25}},"15":{"start":{"line":28,"column":0},"end":{"line":28,"column":13}},"16":{"start":{"line":31,"column":0},"end":{"line":31,"column":24}},"17":{"start":{"line":33,"column":0},"end":{"line":35,"column":2}},"18":{"start":{"line":34,"column":4},"end":{"line":34,"column":41}},"19":{"start":{"line":39,"column":0},"end":{"line":39,"column":27}},"20":{"start":{"line":40,"column":0},"end":{"line":40,"column":30}},"21":{"start":{"line":41,"column":0},"end":{"line":41,"column":28}},"22":{"start":{"line":42,"column":0},"end":{"line":42,"column":31}},"23":{"start":{"line":43,"column":0},"end":{"line":43,"column":35}},"24":{"start":{"line":44,"column":0},"end":{"line":44,"column":31}},"25":{"start":{"line":46,"column":0},"end":{"line":46,"column":21}}},"fnMap":{"0":{"name":"(anonymous_0)","decl":{"start":{"line":17,"column":19},"end":{"line":17,"column":20}},"loc":{"start":{"line":17,"column":37},"end":{"line":26,"column":1}},"line":17},"1":{"name":"(anonymous_1)","decl":{"start":{"line":21,"column":10},"end":{"line":21,"column":11}},"loc":{"start":{"line":21,"column":14},"end":{"line":23,"column":5}},"line":21},"2":{"name":"(anonymous_2)","decl":{"start":{"line":23,"column":13},"end":{"line":23,"column":14}},"loc":{"start":{"line":23,"column":18},"end":{"line":25,"column":5}},"line":23},"3":{"name":"(anonymous_3)","decl":{"start":{"line":33,"column":12},"end":{"line":33,"column":13}},"loc":{"start":{"line":33,"column":23},"end":{"line":35,"column":1}},"line":33}},"branchMap":{},"s":{"0":3,"1":3,"2":3,"3":3,"4":3,"5":3,"6":3,"7":3,"8":3,"9":3,"10":3,"11":3,"12":3,"13":3,"14":0,"15":3,"16":3,"17":3,"18":0,"19":3,"20":3,"21":3,"22":3,"23":3,"24":3,"25":3},"f":{"0":3,"1":3,"2":0,"3":0},"b":{},"_coverageSchema":"1a1c01bbd47fc00a2c39e90264f33305004495a9","hash":"de0a7a4b3178fea3ff8c70648e27aadb8c245989"}
,"D:\\backend\\rn-mybrand-backend\\controllers\\articles.js": {"path":"D:\\backend\\rn-mybrand-backend\\controllers\\articles.js","statementMap":{"0":{"start":{"line":1,"column":15},"end":{"line":1,"column":43}},"1":{"start":{"line":2,"column":16},"end":{"line":2,"column":44}},"2":{"start":{"line":3,"column":31},"end":{"line":3,"column":64}},"3":{"start":{"line":4,"column":29},"end":{"line":4,"column":67}},"4":{"start":{"line":7,"column":0},"end":{"line":22,"column":3}},"5":{"start":{"line":9,"column":22},"end":{"line":9,"column":50}},"6":{"start":{"line":10,"column":4},"end":{"line":10,"column":68}},"7":{"start":{"line":10,"column":14},"end":{"line":10,"column":68}},"8":{"start":{"line":12,"column":20},"end":{"line":16,"column":6}},"9":{"start":{"line":17,"column":4},"end":{"line":21,"column":7}},"10":{"start":{"line":18,"column":20},"end":{"line":18,"column":46}},"11":{"start":{"line":20,"column":8},"end":{"line":20,"column":34}},"12":{"start":{"line":26,"column":0},"end":{"line":30,"column":3}},"13":{"start":{"line":27,"column":4},"end":{"line":29,"column":45}},"14":{"start":{"line":28,"column":18},"end":{"line":28,"column":44}},"15":{"start":{"line":29,"column":18},"end":{"line":29,"column":43}},"16":{"start":{"line":34,"column":0},"end":{"line":42,"column":3}},"17":{"start":{"line":35,"column":4},"end":{"line":35,"column":113}},"18":{"start":{"line":35,"column":43},"end":{"line":35,"column":113}},"19":{"start":{"line":36,"column":22},"end":{"line":36,"column":48}},"20":{"start":{"line":37,"column":4},"end":{"line":37,"column":68}},"21":{"start":{"line":37,"column":14},"end":{"line":37,"column":68}},"22":{"start":{"line":39,"column":4},"end":{"line":41,"column":66}},"23":{"start":{"line":40,"column":19},"end":{"line":40,"column":87}},"24":{"start":{"line":41,"column":18},"end":{"line":41,"column":64}},"25":{"start":{"line":45,"column":0},"end":{"line":53,"column":3}},"26":{"start":{"line":46,"column":4},"end":{"line":52,"column":64}},"27":{"start":{"line":48,"column":8},"end":{"line":50,"column":70}},"28":{"start":{"line":49,"column":20},"end":{"line":49,"column":110}},"29":{"start":{"line":50,"column":21},"end":{"line":50,"column":68}},"30":{"start":{"line":52,"column":17},"end":{"line":52,"column":63}}},"fnMap":{"0":{"name":"(anonymous_0)","decl":{"start":{"line":7,"column":22},"end":{"line":7,"column":23}},"loc":{"start":{"line":7,"column":33},"end":{"line":22,"column":1}},"line":7},"1":{"name":"(anonymous_1)","decl":{"start":{"line":18,"column":10},"end":{"line":18,"column":11}},"loc":{"start":{"line":18,"column":20},"end":{"line":18,"column":46}},"line":18},"2":{"name":"(anonymous_2)","decl":{"start":{"line":19,"column":11},"end":{"line":19,"column":12}},"loc":{"start":{"line":19,"column":18},"end":{"line":21,"column":5}},"line":19},"3":{"name":"(anonymous_3)","decl":{"start":{"line":26,"column":24},"end":{"line":26,"column":25}},"loc":{"start":{"line":26,"column":37},"end":{"line":30,"column":1}},"line":26},"4":{"name":"(anonymous_4)","decl":{"start":{"line":28,"column":10},"end":{"line":28,"column":11}},"loc":{"start":{"line":28,"column":18},"end":{"line":28,"column":44}},"line":28},"5":{"name":"(anonymous_5)","decl":{"start":{"line":29,"column":11},"end":{"line":29,"column":12}},"loc":{"start":{"line":29,"column":18},"end":{"line":29,"column":43}},"line":29},"6":{"name":"(anonymous_6)","decl":{"start":{"line":34,"column":25},"end":{"line":34,"column":26}},"loc":{"start":{"line":34,"column":37},"end":{"line":42,"column":1}},"line":34},"7":{"name":"(anonymous_7)","decl":{"start":{"line":40,"column":10},"end":{"line":40,"column":11}},"loc":{"start":{"line":40,"column":17},"end":{"line":40,"column":88}},"line":40},"8":{"name":"(anonymous_8)","decl":{"start":{"line":41,"column":12},"end":{"line":41,"column":13}},"loc":{"start":{"line":41,"column":18},"end":{"line":41,"column":64}},"line":41},"9":{"name":"(anonymous_9)","decl":{"start":{"line":45,"column":24},"end":{"line":45,"column":25}},"loc":{"start":{"line":45,"column":37},"end":{"line":53,"column":1}},"line":45},"10":{"name":"(anonymous_10)","decl":{"start":{"line":47,"column":10},"end":{"line":47,"column":11}},"loc":{"start":{"line":47,"column":14},"end":{"line":51,"column":5}},"line":47},"11":{"name":"(anonymous_11)","decl":{"start":{"line":49,"column":14},"end":{"line":49,"column":15}},"loc":{"start":{"line":49,"column":20},"end":{"line":49,"column":110}},"line":49},"12":{"name":"(anonymous_12)","decl":{"start":{"line":50,"column":15},"end":{"line":50,"column":16}},"loc":{"start":{"line":50,"column":21},"end":{"line":50,"column":68}},"line":50},"13":{"name":"(anonymous_13)","decl":{"start":{"line":52,"column":11},"end":{"line":52,"column":12}},"loc":{"start":{"line":52,"column":17},"end":{"line":52,"column":63}},"line":52}},"branchMap":{"0":{"loc":{"start":{"line":10,"column":4},"end":{"line":10,"column":68}},"type":"if","locations":[{"start":{"line":10,"column":4},"end":{"line":10,"column":68}},{"start":{"line":10,"column":4},"end":{"line":10,"column":68}}],"line":10},"1":{"loc":{"start":{"line":35,"column":4},"end":{"line":35,"column":113}},"type":"if","locations":[{"start":{"line":35,"column":4},"end":{"line":35,"column":113}},{"start":{"line":35,"column":4},"end":{"line":35,"column":113}}],"line":35},"2":{"loc":{"start":{"line":37,"column":4},"end":{"line":37,"column":68}},"type":"if","locations":[{"start":{"line":37,"column":4},"end":{"line":37,"column":68}},{"start":{"line":37,"column":4},"end":{"line":37,"column":68}}],"line":37}},"s":{"0":4,"1":4,"2":4,"3":4,"4":4,"5":2,"6":2,"7":1,"8":1,"9":1,"10":1,"11":0,"12":4,"13":1,"14":1,"15":0,"16":4,"17":3,"18":1,"19":2,"20":2,"21":1,"22":1,"23":1,"24":0,"25":4,"26":1,"27":1,"28":1,"29":0,"30":0},"f":{"0":2,"1":1,"2":0,"3":1,"4":1,"5":0,"6":3,"7":1,"8":0,"9":1,"10":1,"11":1,"12":0,"13":0},"b":{"0":[1,1],"1":[1,2],"2":[1,1]},"_coverageSchema":"1a1c01bbd47fc00a2c39e90264f33305004495a9","hash":"8144a76a5b39c6f28e0bca2c0ea7aecedadd4ef4"}
,"D:\\backend\\rn-mybrand-backend\\controllers\\blog.js": {"path":"D:\\backend\\rn-mybrand-backend\\controllers\\blog.js","statementMap":{"0":{"start":{"line":1,"column":17},"end":{"line":1,"column":45}},"1":{"start":{"line":3,"column":0},"end":{"line":8,"column":1}},"2":{"start":{"line":4,"column":4},"end":{"line":7,"column":45}},"3":{"start":{"line":6,"column":19},"end":{"line":6,"column":45}},"4":{"start":{"line":7,"column":18},"end":{"line":7,"column":43}}},"fnMap":{"0":{"name":"(anonymous_0)","decl":{"start":{"line":3,"column":22},"end":{"line":3,"column":23}},"loc":{"start":{"line":3,"column":41},"end":{"line":8,"column":1}},"line":3},"1":{"name":"(anonymous_1)","decl":{"start":{"line":6,"column":11},"end":{"line":6,"column":12}},"loc":{"start":{"line":6,"column":19},"end":{"line":6,"column":45}},"line":6},"2":{"name":"(anonymous_2)","decl":{"start":{"line":7,"column":11},"end":{"line":7,"column":12}},"loc":{"start":{"line":7,"column":18},"end":{"line":7,"column":43}},"line":7}},"branchMap":{},"s":{"0":4,"1":4,"2":1,"3":1,"4":0},"f":{"0":1,"1":1,"2":0},"b":{},"_coverageSchema":"1a1c01bbd47fc00a2c39e90264f33305004495a9","hash":"fe5ae64cacdd724636a8c38bedcfa948aa11e23f"}
,"D:\\backend\\rn-mybrand-backend\\controllers\\contact.js": {"path":"D:\\backend\\rn-mybrand-backend\\controllers\\contact.js","statementMap":{"0":{"start":{"line":1,"column":17},"end":{"line":1,"column":44}},"1":{"start":{"line":2,"column":30},"end":{"line":2,"column":62}},"2":{"start":{"line":6,"column":0},"end":{"line":8,"column":1}},"3":{"start":{"line":7,"column":4},"end":{"line":7,"column":62}},"4":{"start":{"line":13,"column":0},"end":{"line":32,"column":1}},"5":{"start":{"line":16,"column":20},"end":{"line":16,"column":47}},"6":{"start":{"line":17,"column":4},"end":{"line":17,"column":68}},"7":{"start":{"line":17,"column":14},"end":{"line":17,"column":68}},"8":{"start":{"line":20,"column":15},"end":{"line":25,"column":6}},"9":{"start":{"line":26,"column":4},"end":{"line":31,"column":5}},"10":{"start":{"line":27,"column":8},"end":{"line":27,"column":25}},"11":{"start":{"line":28,"column":8},"end":{"line":28,"column":72}},"12":{"start":{"line":30,"column":8},"end":{"line":30,"column":36}}},"fnMap":{"0":{"name":"(anonymous_0)","decl":{"start":{"line":6,"column":22},"end":{"line":6,"column":23}},"loc":{"start":{"line":6,"column":42},"end":{"line":8,"column":1}},"line":6},"1":{"name":"(anonymous_1)","decl":{"start":{"line":13,"column":21},"end":{"line":13,"column":22}},"loc":{"start":{"line":13,"column":47},"end":{"line":32,"column":1}},"line":13}},"branchMap":{"0":{"loc":{"start":{"line":17,"column":4},"end":{"line":17,"column":68}},"type":"if","locations":[{"start":{"line":17,"column":4},"end":{"line":17,"column":68}},{"start":{"line":17,"column":4},"end":{"line":17,"column":68}}],"line":17}},"s":{"0":4,"1":4,"2":4,"3":1,"4":4,"5":2,"6":2,"7":1,"8":1,"9":1,"10":1,"11":1,"12":0},"f":{"0":1,"1":2},"b":{"0":[1,1]},"_coverageSchema":"1a1c01bbd47fc00a2c39e90264f33305004495a9","hash":"b61b9dc1d9d828a3fcfbb2232cac599e0fd8f51d"}
,"D:\\backend\\rn-mybrand-backend\\controllers\\login.js": {"path":"D:\\backend\\rn-mybrand-backend\\controllers\\login.js","statementMap":{"0":{"start":{"line":2,"column":13},"end":{"line":2,"column":37}},"1":{"start":{"line":3,"column":11},"end":{"line":3,"column":34}},"2":{"start":{"line":4,"column":26},"end":{"line":4,"column":56}},"3":{"start":{"line":8,"column":0},"end":{"line":10,"column":1}},"4":{"start":{"line":9,"column":4},"end":{"line":9,"column":62}},"5":{"start":{"line":15,"column":0},"end":{"line":30,"column":1}},"6":{"start":{"line":19,"column":20},"end":{"line":19,"column":45}},"7":{"start":{"line":20,"column":4},"end":{"line":20,"column":68}},"8":{"start":{"line":20,"column":14},"end":{"line":20,"column":68}},"9":{"start":{"line":24,"column":17},"end":{"line":24,"column":63}},"10":{"start":{"line":25,"column":4},"end":{"line":25,"column":87}},"11":{"start":{"line":25,"column":14},"end":{"line":25,"column":87}},"12":{"start":{"line":26,"column":4},"end":{"line":26,"column":117}},"13":{"start":{"line":26,"column":44},"end":{"line":26,"column":117}},"14":{"start":{"line":27,"column":18},"end":{"line":27,"column":66}},"15":{"start":{"line":28,"column":4},"end":{"line":28,"column":76}}},"fnMap":{"0":{"name":"(anonymous_0)","decl":{"start":{"line":8,"column":22},"end":{"line":8,"column":23}},"loc":{"start":{"line":8,"column":42},"end":{"line":10,"column":1}},"line":8},"1":{"name":"(anonymous_1)","decl":{"start":{"line":15,"column":21},"end":{"line":15,"column":22}},"loc":{"start":{"line":15,"column":47},"end":{"line":30,"column":1}},"line":15}},"branchMap":{"0":{"loc":{"start":{"line":20,"column":4},"end":{"line":20,"column":68}},"type":"if","locations":[{"start":{"line":20,"column":4},"end":{"line":20,"column":68}},{"start":{"line":20,"column":4},"end":{"line":20,"column":68}}],"line":20},"1":{"loc":{"start":{"line":25,"column":4},"end":{"line":25,"column":87}},"type":"if","locations":[{"start":{"line":25,"column":4},"end":{"line":25,"column":87}},{"start":{"line":25,"column":4},"end":{"line":25,"column":87}}],"line":25},"2":{"loc":{"start":{"line":26,"column":4},"end":{"line":26,"column":117}},"type":"if","locations":[{"start":{"line":26,"column":4},"end":{"line":26,"column":117}},{"start":{"line":26,"column":4},"end":{"line":26,"column":117}}],"line":26}},"s":{"0":4,"1":4,"2":4,"3":4,"4":1,"5":4,"6":3,"7":3,"8":1,"9":2,"10":2,"11":1,"12":1,"13":0,"14":1,"15":1},"f":{"0":1,"1":3},"b":{"0":[1,2],"1":[1,1],"2":[0,1]},"_coverageSchema":"1a1c01bbd47fc00a2c39e90264f33305004495a9","hash":"1e302b7ecc3c8f3e9cb2e16d2b4cc397a161e0e7"}
,"D:\\backend\\rn-mybrand-backend\\controllers\\message.js": {"path":"D:\\backend\\rn-mybrand-backend\\controllers\\message.js","statementMap":{"0":{"start":{"line":1,"column":15},"end":{"line":1,"column":42}},"1":{"start":{"line":5,"column":0},"end":{"line":8,"column":1}},"2":{"start":{"line":6,"column":4},"end":{"line":7,"column":47}},"3":{"start":{"line":7,"column":18},"end":{"line":7,"column":44}}},"fnMap":{"0":{"name":"(anonymous_0)","decl":{"start":{"line":5,"column":23},"end":{"line":5,"column":24}},"loc":{"start":{"line":5,"column":41},"end":{"line":8,"column":1}},"line":5},"1":{"name":"(anonymous_1)","decl":{"start":{"line":7,"column":9},"end":{"line":7,"column":10}},"loc":{"start":{"line":7,"column":18},"end":{"line":7,"column":44}},"line":7}},"branchMap":{},"s":{"0":4,"1":4,"2":1,"3":1},"f":{"0":1,"1":1},"b":{},"_coverageSchema":"1a1c01bbd47fc00a2c39e90264f33305004495a9","hash":"7dc39934523f7c9df7fd72fc5af20cba67362bca"}
,"D:\\backend\\rn-mybrand-backend\\controllers\\read_comments.js": {"path":"D:\\backend\\rn-mybrand-backend\\controllers\\read_comments.js","statementMap":{"0":{"start":{"line":1,"column":16},"end":{"line":1,"column":44}},"1":{"start":{"line":2,"column":17},"end":{"line":2,"column":45}},"2":{"start":{"line":3,"column":29},"end":{"line":3,"column":62}},"3":{"start":{"line":5,"column":0},"end":{"line":19,"column":1}},"4":{"start":{"line":6,"column":4},"end":{"line":17,"column":58}},"5":{"start":{"line":8,"column":8},"end":{"line":10,"column":9}},"6":{"start":{"line":9,"column":12},"end":{"line":9,"column":75}},"7":{"start":{"line":11,"column":8},"end":{"line":15,"column":79}},"8":{"start":{"line":13,"column":12},"end":{"line":13,"column":66}},"9":{"start":{"line":15,"column":24},"end":{"line":15,"column":77}},"10":{"start":{"line":17,"column":18},"end":{"line":17,"column":56}},"11":{"start":{"line":22,"column":0},"end":{"line":38,"column":1}},"12":{"start":{"line":23,"column":22},"end":{"line":23,"column":50}},"13":{"start":{"line":24,"column":4},"end":{"line":24,"column":68}},"14":{"start":{"line":24,"column":14},"end":{"line":24,"column":68}},"15":{"start":{"line":26,"column":19},"end":{"line":31,"column":6}},"16":{"start":{"line":33,"column":4},"end":{"line":37,"column":70}},"17":{"start":{"line":35,"column":8},"end":{"line":35,"column":35}},"18":{"start":{"line":37,"column":21},"end":{"line":37,"column":68}}},"fnMap":{"0":{"name":"(anonymous_0)","decl":{"start":{"line":5,"column":22},"end":{"line":5,"column":23}},"loc":{"start":{"line":5,"column":40},"end":{"line":19,"column":1}},"line":5},"1":{"name":"(anonymous_1)","decl":{"start":{"line":7,"column":10},"end":{"line":7,"column":11}},"loc":{"start":{"line":7,"column":17},"end":{"line":16,"column":5}},"line":7},"2":{"name":"(anonymous_2)","decl":{"start":{"line":12,"column":14},"end":{"line":12,"column":15}},"loc":{"start":{"line":12,"column":23},"end":{"line":14,"column":9}},"line":12},"3":{"name":"(anonymous_3)","decl":{"start":{"line":15,"column":15},"end":{"line":15,"column":16}},"loc":{"start":{"line":15,"column":24},"end":{"line":15,"column":77}},"line":15},"4":{"name":"(anonymous_4)","decl":{"start":{"line":17,"column":11},"end":{"line":17,"column":12}},"loc":{"start":{"line":17,"column":18},"end":{"line":17,"column":56}},"line":17},"5":{"name":"(anonymous_5)","decl":{"start":{"line":22,"column":21},"end":{"line":22,"column":22}},"loc":{"start":{"line":22,"column":40},"end":{"line":38,"column":1}},"line":22},"6":{"name":"(anonymous_6)","decl":{"start":{"line":34,"column":10},"end":{"line":34,"column":11}},"loc":{"start":{"line":34,"column":19},"end":{"line":36,"column":5}},"line":34},"7":{"name":"(anonymous_7)","decl":{"start":{"line":37,"column":11},"end":{"line":37,"column":12}},"loc":{"start":{"line":37,"column":21},"end":{"line":37,"column":68}},"line":37}},"branchMap":{"0":{"loc":{"start":{"line":8,"column":8},"end":{"line":10,"column":9}},"type":"if","locations":[{"start":{"line":8,"column":8},"end":{"line":10,"column":9}},{"start":{"line":8,"column":8},"end":{"line":10,"column":9}}],"line":8},"1":{"loc":{"start":{"line":24,"column":4},"end":{"line":24,"column":68}},"type":"if","locations":[{"start":{"line":24,"column":4},"end":{"line":24,"column":68}},{"start":{"line":24,"column":4},"end":{"line":24,"column":68}}],"line":24}},"s":{"0":4,"1":4,"2":4,"3":4,"4":2,"5":1,"6":0,"7":1,"8":1,"9":0,"10":1,"11":4,"12":2,"13":2,"14":1,"15":1,"16":1,"17":1,"18":0},"f":{"0":2,"1":1,"2":1,"3":0,"4":1,"5":2,"6":1,"7":0},"b":{"0":[0,1],"1":[1,1]},"_coverageSchema":"1a1c01bbd47fc00a2c39e90264f33305004495a9","hash":"1315dcb8b48994161546598cf0d72887da92d694"}
,"D:\\backend\\rn-mybrand-backend\\model\\articles.js": {"path":"D:\\backend\\rn-mybrand-backend\\model\\articles.js","statementMap":{"0":{"start":{"line":1,"column":17},"end":{"line":1,"column":36}},"1":{"start":{"line":2,"column":22},"end":{"line":23,"column":2}},"2":{"start":{"line":25,"column":0},"end":{"line":25,"column":58}}},"fnMap":{},"branchMap":{},"s":{"0":6,"1":6,"2":6},"f":{},"b":{},"_coverageSchema":"1a1c01bbd47fc00a2c39e90264f33305004495a9","hash":"88c4ae7ab20142a353f142a4066400c90bd3b7f3"}
,"D:\\backend\\rn-mybrand-backend\\model\\comments.js": {"path":"D:\\backend\\rn-mybrand-backend\\model\\comments.js","statementMap":{"0":{"start":{"line":1,"column":17},"end":{"line":1,"column":36}},"1":{"start":{"line":3,"column":22},"end":{"line":31,"column":2}},"2":{"start":{"line":33,"column":0},"end":{"line":33,"column":59}}},"fnMap":{},"branchMap":{},"s":{"0":5,"1":5,"2":5},"f":{},"b":{},"_coverageSchema":"1a1c01bbd47fc00a2c39e90264f33305004495a9","hash":"6b60f9a79279af719306c160b7b98eef3df2368a"}
,"D:\\backend\\rn-mybrand-backend\\model\\contact.js": {"path":"D:\\backend\\rn-mybrand-backend\\model\\contact.js","statementMap":{"0":{"start":{"line":1,"column":16},"end":{"line":1,"column":35}},"1":{"start":{"line":3,"column":21},"end":{"line":30,"column":2}},"2":{"start":{"line":33,"column":0},"end":{"line":33,"column":58}}},"fnMap":{},"branchMap":{},"s":{"0":5,"1":5,"2":5},"f":{},"b":{},"_coverageSchema":"1a1c01bbd47fc00a2c39e90264f33305004495a9","hash":"ab5a40eaff97c27c14d5ade79baa15b23dec5196"}
,"D:\\backend\\rn-mybrand-backend\\model\\user.js": {"path":"D:\\backend\\rn-mybrand-backend\\model\\user.js","statementMap":{"0":{"start":{"line":1,"column":16},"end":{"line":1,"column":35}},"1":{"start":{"line":3,"column":18},"end":{"line":17,"column":2}},"2":{"start":{"line":20,"column":0},"end":{"line":20,"column":52}}},"fnMap":{},"branchMap":{},"s":{"0":4,"1":4,"2":4},"f":{},"b":{},"_coverageSchema":"1a1c01bbd47fc00a2c39e90264f33305004495a9","hash":"42c5141a43c9f516dfe9f606dd17328b104957fc"}
,"D:\\backend\\rn-mybrand-backend\\routes\\articles.js": {"path":"D:\\backend\\rn-mybrand-backend\\routes\\articles.js","statementMap":{"0":{"start":{"line":1,"column":15},"end":{"line":1,"column":42}},"1":{"start":{"line":2,"column":27},"end":{"line":2,"column":61}},"2":{"start":{"line":3,"column":20},"end":{"line":3,"column":55}},"3":{"start":{"line":8,"column":0},"end":{"line":8,"column":68}},"4":{"start":{"line":13,"column":0},"end":{"line":13,"column":69}},"5":{"start":{"line":18,"column":0},"end":{"line":18,"column":74}},"6":{"start":{"line":23,"column":0},"end":{"line":23,"column":77}},"7":{"start":{"line":27,"column":0},"end":{"line":27,"column":23}}},"fnMap":{},"branchMap":{},"s":{"0":3,"1":3,"2":3,"3":3,"4":3,"5":3,"6":3,"7":3},"f":{},"b":{},"_coverageSchema":"1a1c01bbd47fc00a2c39e90264f33305004495a9","hash":"34d69dd33085be73966c69607fff50535a3e9806"}
,"D:\\backend\\rn-mybrand-backend\\routes\\blog.js": {"path":"D:\\backend\\rn-mybrand-backend\\routes\\blog.js","statementMap":{"0":{"start":{"line":1,"column":14},"end":{"line":1,"column":41}},"1":{"start":{"line":2,"column":23},"end":{"line":2,"column":53}},"2":{"start":{"line":5,"column":0},"end":{"line":5,"column":48}},"3":{"start":{"line":7,"column":0},"end":{"line":7,"column":24}}},"fnMap":{},"branchMap":{},"s":{"0":3,"1":3,"2":3,"3":3},"f":{},"b":{},"_coverageSchema":"1a1c01bbd47fc00a2c39e90264f33305004495a9","hash":"9ba07e861aceac00297eb88150395e6dfaa2d098"}
,"D:\\backend\\rn-mybrand-backend\\routes\\contact.js": {"path":"D:\\backend\\rn-mybrand-backend\\routes\\contact.js","statementMap":{"0":{"start":{"line":1,"column":15},"end":{"line":1,"column":42}},"1":{"start":{"line":2,"column":26},"end":{"line":2,"column":59}},"2":{"start":{"line":4,"column":0},"end":{"line":4,"column":54}},"3":{"start":{"line":6,"column":0},"end":{"line":6,"column":55}},"4":{"start":{"line":9,"column":0},"end":{"line":9,"column":24}}},"fnMap":{},"branchMap":{},"s":{"0":3,"1":3,"2":3,"3":3,"4":3},"f":{},"b":{},"_coverageSchema":"1a1c01bbd47fc00a2c39e90264f33305004495a9","hash":"8bf37c4a1cda1cbadfee540f61630ce72b358b65"}
,"D:\\backend\\rn-mybrand-backend\\routes\\login.js": {"path":"D:\\backend\\rn-mybrand-backend\\routes\\login.js","statementMap":{"0":{"start":{"line":1,"column":15},"end":{"line":1,"column":42}},"1":{"start":{"line":2,"column":24},"end":{"line":2,"column":55}},"2":{"start":{"line":4,"column":0},"end":{"line":4,"column":50}},"3":{"start":{"line":6,"column":0},"end":{"line":6,"column":50}},"4":{"start":{"line":8,"column":0},"end":{"line":8,"column":23}}},"fnMap":{},"branchMap":{},"s":{"0":3,"1":3,"2":3,"3":3,"4":3},"f":{},"b":{},"_coverageSchema":"1a1c01bbd47fc00a2c39e90264f33305004495a9","hash":"2ac9165f902a3778505712cd274811359b8e4c13"}
,"D:\\backend\\rn-mybrand-backend\\routes\\messages.js": {"path":"D:\\backend\\rn-mybrand-backend\\routes\\messages.js","statementMap":{"0":{"start":{"line":1,"column":15},"end":{"line":1,"column":42}},"1":{"start":{"line":2,"column":26},"end":{"line":2,"column":59}},"2":{"start":{"line":3,"column":19},"end":{"line":3,"column":54}},"3":{"start":{"line":7,"column":0},"end":{"line":7,"column":70}},"4":{"start":{"line":10,"column":0},"end":{"line":10,"column":23}}},"fnMap":{},"branchMap":{},"s":{"0":3,"1":3,"2":3,"3":3,"4":3},"f":{},"b":{},"_coverageSchema":"1a1c01bbd47fc00a2c39e90264f33305004495a9","hash":"cda97b68c8e8bc62253a88815fc34d25294c5ce8"}
,"D:\\backend\\rn-mybrand-backend\\routes\\read.js": {"path":"D:\\backend\\rn-mybrand-backend\\routes\\read.js","statementMap":{"0":{"start":{"line":1,"column":14},"end":{"line":1,"column":41}},"1":{"start":{"line":2,"column":31},"end":{"line":2,"column":70}},"2":{"start":{"line":6,"column":0},"end":{"line":6,"column":60}},"3":{"start":{"line":11,"column":0},"end":{"line":11,"column":60}},"4":{"start":{"line":15,"column":0},"end":{"line":15,"column":24}}},"fnMap":{},"branchMap":{},"s":{"0":3,"1":3,"2":3,"3":3,"4":3},"f":{},"b":{},"_coverageSchema":"1a1c01bbd47fc00a2c39e90264f33305004495a9","hash":"2338f233d5e25579add76b9c5c55f8f1e9655959"}
,"D:\\backend\\rn-mybrand-backend\\tokenValidation\\index.js": {"path":"D:\\backend\\rn-mybrand-backend\\tokenValidation\\index.js","statementMap":{"0":{"start":{"line":1,"column":12},"end":{"line":1,"column":35}},"1":{"start":{"line":3,"column":0},"end":{"line":14,"column":1}},"2":{"start":{"line":4,"column":18},"end":{"line":4,"column":41}},"3":{"start":{"line":5,"column":4},"end":{"line":5,"column":74}},"4":{"start":{"line":5,"column":15},"end":{"line":5,"column":74}},"5":{"start":{"line":6,"column":4},"end":{"line":12,"column":5}},"6":{"start":{"line":7,"column":25},"end":{"line":7,"column":65}},"7":{"start":{"line":8,"column":8},"end":{"line":8,"column":27}},"8":{"start":{"line":9,"column":8},"end":{"line":9,"column":15}},"9":{"start":{"line":11,"column":8},"end":{"line":11,"column":58}}},"fnMap":{"0":{"name":"(anonymous_0)","decl":{"start":{"line":3,"column":17},"end":{"line":3,"column":18}},"loc":{"start":{"line":3,"column":41},"end":{"line":14,"column":1}},"line":3}},"branchMap":{"0":{"loc":{"start":{"line":5,"column":4},"end":{"line":5,"column":74}},"type":"if","locations":[{"start":{"line":5,"column":4},"end":{"line":5,"column":74}},{"start":{"line":5,"column":4},"end":{"line":5,"column":74}}],"line":5}},"s":{"0":3,"1":3,"2":14,"3":14,"4":5,"5":9,"6":9,"7":8,"8":8,"9":1},"f":{"0":14},"b":{"0":[5,9]},"_coverageSchema":"1a1c01bbd47fc00a2c39e90264f33305004495a9","hash":"83acd4afd3e1c6e5f791d31af05749d27df86328"}
,"D:\\backend\\rn-mybrand-backend\\validation\\articles.js": {"path":"D:\\backend\\rn-mybrand-backend\\validation\\articles.js","statementMap":{"0":{"start":{"line":1,"column":12},"end":{"line":1,"column":32}},"1":{"start":{"line":4,"column":19},"end":{"line":8,"column":6}},"2":{"start":{"line":10,"column":4},"end":{"line":10,"column":33}},"3":{"start":{"line":13,"column":0},"end":{"line":13,"column":54}}},"fnMap":{"0":{"name":"articlesValidation","decl":{"start":{"line":3,"column":9},"end":{"line":3,"column":27}},"loc":{"start":{"line":3,"column":34},"end":{"line":11,"column":1}},"line":3}},"branchMap":{},"s":{"0":4,"1":2,"2":2,"3":4},"f":{"0":2},"b":{},"_coverageSchema":"1a1c01bbd47fc00a2c39e90264f33305004495a9","hash":"98dd3bbad45e3bdcc5d41f9d6bb83fe1795b9c08"}
,"D:\\backend\\rn-mybrand-backend\\validation\\comments.js": {"path":"D:\\backend\\rn-mybrand-backend\\validation\\comments.js","statementMap":{"0":{"start":{"line":1,"column":12},"end":{"line":1,"column":32}},"1":{"start":{"line":4,"column":18},"end":{"line":8,"column":6}},"2":{"start":{"line":9,"column":4},"end":{"line":9,"column":33}},"3":{"start":{"line":12,"column":0},"end":{"line":12,"column":55}}},"fnMap":{"0":{"name":"commentsValidation","decl":{"start":{"line":3,"column":9},"end":{"line":3,"column":27}},"loc":{"start":{"line":3,"column":34},"end":{"line":10,"column":1}},"line":3}},"branchMap":{},"s":{"0":4,"1":2,"2":2,"3":4},"f":{"0":2},"b":{},"_coverageSchema":"1a1c01bbd47fc00a2c39e90264f33305004495a9","hash":"faa8f6f37086a22668861894111e0a402e0d3dee"}
,"D:\\backend\\rn-mybrand-backend\\validation\\contact.js": {"path":"D:\\backend\\rn-mybrand-backend\\validation\\contact.js","statementMap":{"0":{"start":{"line":1,"column":12},"end":{"line":1,"column":32}},"1":{"start":{"line":3,"column":26},"end":{"line":14,"column":1}},"2":{"start":{"line":4,"column":18},"end":{"line":11,"column":6}},"3":{"start":{"line":13,"column":4},"end":{"line":13,"column":33}},"4":{"start":{"line":16,"column":0},"end":{"line":16,"column":52}}},"fnMap":{"0":{"name":"(anonymous_0)","decl":{"start":{"line":3,"column":26},"end":{"line":3,"column":27}},"loc":{"start":{"line":3,"column":33},"end":{"line":14,"column":1}},"line":3}},"branchMap":{},"s":{"0":4,"1":4,"2":2,"3":2,"4":4},"f":{"0":2},"b":{},"_coverageSchema":"1a1c01bbd47fc00a2c39e90264f33305004495a9","hash":"4d43aada4392cd823f0d15aa2061a129c0936095"}
,"D:\\backend\\rn-mybrand-backend\\validation\\login.js": {"path":"D:\\backend\\rn-mybrand-backend\\validation\\login.js","statementMap":{"0":{"start":{"line":1,"column":12},"end":{"line":1,"column":32}},"1":{"start":{"line":3,"column":24},"end":{"line":10,"column":1}},"2":{"start":{"line":4,"column":17},"end":{"line":7,"column":6}},"3":{"start":{"line":9,"column":4},"end":{"line":9,"column":33}},"4":{"start":{"line":12,"column":0},"end":{"line":12,"column":48}}},"fnMap":{"0":{"name":"(anonymous_0)","decl":{"start":{"line":3,"column":24},"end":{"line":3,"column":25}},"loc":{"start":{"line":3,"column":31},"end":{"line":10,"column":1}},"line":3}},"branchMap":{},"s":{"0":4,"1":4,"2":3,"3":3,"4":4},"f":{"0":3},"b":{},"_coverageSchema":"1a1c01bbd47fc00a2c39e90264f33305004495a9","hash":"67b15e6eb14d382df70361149aa8d9dd3d654516"}
,"D:\\backend\\rn-mybrand-backend\\validation\\updateArticle.js": {"path":"D:\\backend\\rn-mybrand-backend\\validation\\updateArticle.js","statementMap":{"0":{"start":{"line":1,"column":12},"end":{"line":1,"column":32}},"1":{"start":{"line":4,"column":19},"end":{"line":8,"column":6}},"2":{"start":{"line":10,"column":4},"end":{"line":10,"column":33}},"3":{"start":{"line":13,"column":0},"end":{"line":13,"column":50}}},"fnMap":{"0":{"name":"updateValidation","decl":{"start":{"line":3,"column":9},"end":{"line":3,"column":25}},"loc":{"start":{"line":3,"column":32},"end":{"line":11,"column":1}},"line":3}},"branchMap":{},"s":{"0":4,"1":2,"2":2,"3":4},"f":{"0":2},"b":{},"_coverageSchema":"1a1c01bbd47fc00a2c39e90264f33305004495a9","hash":"168f62e63befbd6eff4ec39ddd9f3fbb30d4964f"}
}
