TN:
SF:app.js
FN:17,(anonymous_0)
FN:21,(anonymous_1)
FN:23,(anonymous_2)
FN:33,(anonymous_3)
FNF:4
FNH:2
FNDA:3,(anonymous_0)
FNDA:3,(anonymous_1)
FNDA:0,(anonymous_2)
FNDA:0,(anonymous_3)
DA:1,3
DA:2,3
DA:3,3
DA:4,3
DA:8,3
DA:9,3
DA:10,3
DA:11,3
DA:12,3
DA:13,3
DA:15,3
DA:17,3
DA:18,3
DA:22,3
DA:24,0
DA:28,3
DA:31,3
DA:33,3
DA:34,0
DA:39,3
DA:40,3
DA:41,3
DA:42,3
DA:43,3
DA:44,3
DA:46,3
LF:26
LH:24
BRF:0
BRH:0
end_of_record
TN:
SF:controllers\articles.js
FN:7,(anonymous_0)
FN:18,(anonymous_1)
FN:19,(anonymous_2)
FN:26,(anonymous_3)
FN:28,(anonymous_4)
FN:29,(anonymous_5)
FN:34,(anonymous_6)
FN:40,(anonymous_7)
FN:41,(anonymous_8)
FN:45,(anonymous_9)
FN:47,(anonymous_10)
FN:49,(anonymous_11)
FN:50,(anonymous_12)
FN:52,(anonymous_13)
FNF:14
FNH:9
FNDA:2,(anonymous_0)
FNDA:1,(anonymous_1)
FNDA:0,(anonymous_2)
FNDA:1,(anonymous_3)
FNDA:1,(anonymous_4)
FNDA:0,(anonymous_5)
FNDA:3,(anonymous_6)
FNDA:1,(anonymous_7)
FNDA:0,(anonymous_8)
FNDA:1,(anonymous_9)
FNDA:1,(anonymous_10)
FNDA:1,(anonymous_11)
FNDA:0,(anonymous_12)
FNDA:0,(anonymous_13)
DA:1,4
DA:2,4
DA:3,4
DA:4,4
DA:7,4
DA:9,2
DA:10,2
DA:12,1
DA:17,1
DA:18,1
DA:20,0
DA:26,4
DA:27,1
DA:28,1
DA:29,0
DA:34,4
DA:35,3
DA:36,2
DA:37,2
DA:39,1
DA:40,1
DA:41,0
DA:45,4
DA:46,1
DA:48,1
DA:49,1
DA:50,0
DA:52,0
LF:28
LH:23
BRDA:10,0,0,1
BRDA:10,0,1,1
BRDA:35,1,0,1
BRDA:35,1,1,2
BRDA:37,2,0,1
BRDA:37,2,1,1
BRF:6
BRH:6
end_of_record
TN:
SF:controllers\blog.js
FN:3,(anonymous_0)
FN:6,(anonymous_1)
FN:7,(anonymous_2)
FNF:3
FNH:2
FNDA:1,(anonymous_0)
FNDA:1,(anonymous_1)
FNDA:0,(anonymous_2)
DA:1,4
DA:3,4
DA:4,1
DA:6,1
DA:7,0
LF:5
LH:4
BRF:0
BRH:0
end_of_record
TN:
SF:controllers\contact.js
FN:6,(anonymous_0)
FN:13,(anonymous_1)
FNF:2
FNH:2
FNDA:1,(anonymous_0)
FNDA:2,(anonymous_1)
DA:1,4
DA:2,4
DA:6,4
DA:7,1
DA:13,4
DA:16,2
DA:17,2
DA:20,1
DA:26,1
DA:27,1
DA:28,1
DA:30,0
LF:12
LH:11
BRDA:17,0,0,1
BRDA:17,0,1,1
BRF:2
BRH:2
end_of_record
TN:
SF:controllers\login.js
FN:8,(anonymous_0)
FN:15,(anonymous_1)
FNF:2
FNH:2
FNDA:1,(anonymous_0)
FNDA:3,(anonymous_1)
DA:2,4
DA:3,4
DA:4,4
DA:8,4
DA:9,1
DA:15,4
DA:19,3
DA:20,3
DA:24,2
DA:25,2
DA:26,1
DA:27,1
DA:28,1
LF:13
LH:13
BRDA:20,0,0,1
BRDA:20,0,1,2
BRDA:25,1,0,1
BRDA:25,1,1,1
BRDA:26,2,0,0
BRDA:26,2,1,1
BRF:6
BRH:5
end_of_record
TN:
SF:controllers\message.js
FN:5,(anonymous_0)
FN:7,(anonymous_1)
FNF:2
FNH:2
FNDA:1,(anonymous_0)
FNDA:1,(anonymous_1)
DA:1,4
DA:5,4
DA:6,1
DA:7,1
LF:4
LH:4
BRF:0
BRH:0
end_of_record
TN:
SF:controllers\read_comments.js
FN:5,(anonymous_0)
FN:7,(anonymous_1)
FN:12,(anonymous_2)
FN:15,(anonymous_3)
FN:17,(anonymous_4)
FN:22,(anonymous_5)
FN:34,(anonymous_6)
FN:37,(anonymous_7)
FNF:8
FNH:6
FNDA:2,(anonymous_0)
FNDA:1,(anonymous_1)
FNDA:1,(anonymous_2)
FNDA:0,(anonymous_3)
FNDA:1,(anonymous_4)
FNDA:2,(anonymous_5)
FNDA:1,(anonymous_6)
FNDA:0,(anonymous_7)
DA:1,4
DA:2,4
DA:3,4
DA:5,4
DA:6,2
DA:8,1
DA:9,0
DA:11,1
DA:13,1
DA:15,0
DA:17,1
DA:22,4
DA:23,2
DA:24,2
DA:26,1
DA:33,1
DA:35,1
DA:37,0
LF:18
LH:15
BRDA:8,0,0,0
BRDA:8,0,1,1
BRDA:24,1,0,1
BRDA:24,1,1,1
BRF:4
BRH:3
end_of_record
TN:
SF:model\articles.js
FNF:0
FNH:0
DA:1,6
DA:2,6
DA:25,6
LF:3
LH:3
BRF:0
BRH:0
end_of_record
TN:
SF:model\comments.js
FNF:0
FNH:0
DA:1,5
DA:3,5
DA:33,5
LF:3
LH:3
BRF:0
BRH:0
end_of_record
TN:
SF:model\contact.js
FNF:0
FNH:0
DA:1,5
DA:3,5
DA:33,5
LF:3
LH:3
BRF:0
BRH:0
end_of_record
TN:
SF:model\user.js
FNF:0
FNH:0
DA:1,4
DA:3,4
DA:20,4
LF:3
LH:3
BRF:0
BRH:0
end_of_record
TN:
SF:routes\articles.js
FNF:0
FNH:0
DA:1,3
DA:2,3
DA:3,3
DA:8,3
DA:13,3
DA:18,3
DA:23,3
DA:27,3
LF:8
LH:8
BRF:0
BRH:0
end_of_record
TN:
SF:routes\blog.js
FNF:0
FNH:0
DA:1,3
DA:2,3
DA:5,3
DA:7,3
LF:4
LH:4
BRF:0
BRH:0
end_of_record
TN:
SF:routes\contact.js
FNF:0
FNH:0
DA:1,3
DA:2,3
DA:4,3
DA:6,3
DA:9,3
LF:5
LH:5
BRF:0
BRH:0
end_of_record
TN:
SF:routes\login.js
FNF:0
FNH:0
DA:1,3
DA:2,3
DA:4,3
DA:6,3
DA:8,3
LF:5
LH:5
BRF:0
BRH:0
end_of_record
TN:
SF:routes\messages.js
FNF:0
FNH:0
DA:1,3
DA:2,3
DA:3,3
DA:7,3
DA:10,3
LF:5
LH:5
BRF:0
BRH:0
end_of_record
TN:
SF:routes\read.js
FNF:0
FNH:0
DA:1,3
DA:2,3
DA:6,3
DA:11,3
DA:15,3
LF:5
LH:5
BRF:0
BRH:0
end_of_record
TN:
SF:tokenValidation\index.js
FN:3,(anonymous_0)
FNF:1
FNH:1
FNDA:14,(anonymous_0)
DA:1,3
DA:3,3
DA:4,14
DA:5,14
DA:6,9
DA:7,9
DA:8,8
DA:9,8
DA:11,1
LF:9
LH:9
BRDA:5,0,0,5
BRDA:5,0,1,9
BRF:2
BRH:2
end_of_record
TN:
SF:validation\articles.js
FN:3,articlesValidation
FNF:1
FNH:1
FNDA:2,articlesValidation
DA:1,4
DA:4,2
DA:10,2
DA:13,4
LF:4
LH:4
BRF:0
BRH:0
end_of_record
TN:
SF:validation\comments.js
FN:3,commentsValidation
FNF:1
FNH:1
FNDA:2,commentsValidation
DA:1,4
DA:4,2
DA:9,2
DA:12,4
LF:4
LH:4
BRF:0
BRH:0
end_of_record
TN:
SF:validation\contact.js
FN:3,(anonymous_0)
FNF:1
FNH:1
FNDA:2,(anonymous_0)
DA:1,4
DA:3,4
DA:4,2
DA:13,2
DA:16,4
LF:5
LH:5
BRF:0
BRH:0
end_of_record
TN:
SF:validation\login.js
FN:3,(anonymous_0)
FNF:1
FNH:1
FNDA:3,(anonymous_0)
DA:1,4
DA:3,4
DA:4,3
DA:9,3
DA:12,4
LF:5
LH:5
BRF:0
BRH:0
end_of_record
TN:
SF:validation\updateArticle.js
FN:3,updateValidation
FNF:1
FNH:1
FNDA:2,updateValidation
DA:1,4
DA:4,2
DA:10,2
DA:13,4
LF:4
LH:4
BRF:0
BRH:0
end_of_record
